<?xml version="1.0" encoding="UTF-8"?>
<!-- Generated by org.testng.reporters.JUnitReportReporter -->
<testsuite hostname="ASWIN" failures="0" tests="1" name="saucedemo.Saucedemo" time="0.000" errors="0" timestamp="2023-06-14T17:15:37 IST" skipped="1">
  <testcase classname="saucedemo.Saucedemo" name="DemoProject" time="0.000">
    <skipped/>
  </testcase> <!-- DemoProject -->
  <system-out/>
</testsuite> <!-- saucedemo.Saucedemo -->
